<?xml version="1.0" encoding="UTF-8"?>
<!-- Generated by org.testng.reporters.JUnitReportReporter -->
<testsuite skipped="0" hostname="LAPTOP-KJ92LBRO" name="test.TestNGExamTest" tests="3" failures="0" timestamp="13 Dec 2022 02:33:03 GMT" time="57.117" errors="0">
  <testcase name="userShouldBeAbleToAddACategory" time="18.814" classname="test.TestNGExamTest"/>
  <testcase name="userShouldNotBeAbleToDuplicateACategory" time="18.870" classname="test.TestNGExamTest"/>
  <testcase name="userShouldBeAbleToSelectAllTheMonthsInTheDropdown" time="19.433" classname="test.TestNGExamTest"/>
</testsuite> <!-- test.TestNGExamTest -->
